# JRE version: OpenJDK Runtime Environment Temurin-21.0.10+7 (21.0.10+7) (build 21.0.10+7-LTS)
# Java VM: OpenJDK 64-Bit Server VM Temurin-21.0.10+7 (21.0.10+7-LTS, mixed mode, sharing, tiered, compressed oops, compressed class ptrs, parallel gc, windows-amd64)
GC Precious Log:
 CardTable entry size: 512
 CPUs: 8 total, 8 available
 Memory: 8191M
 Large Page Support: Disabled
 NUMA Support: Disabled
 Compressed Oops: Enabled (32-bit)
 Alignments: Space 512K, Generation 512K, Heap 2M
 Heap Min Capacity: 100M
 Heap Initial Capacity: 100M
 Heap Max Capacity: 2G
 Pre-touch: Disabled
 Parallel Workers: 8
Heap:
 PSYoungGen      total 7680K, used 7296K [0x00000000d5580000, 0x00000000d6000000, 0x0000000100000000)
  eden space 4608K, 97% used [0x00000000d5580000,0x00000000d59e0140,0x00000000d5a00000)
  from space 3072K, 91% used [0x00000000d5a00000,0x00000000d5cc0000,0x00000000d5d00000)
  to   space 3072K, 0% used [0x00000000d5d00000,0x00000000d5d00000,0x00000000d6000000)
 ParOldGen       total 1008128K, used 440507K [0x0000000080000000, 0x00000000bd880000, 0x00000000d5580000)
  object space 1008128K, 43% used [0x0000000080000000,0x000000009ae2efe0,0x00000000bd880000)
 Metaspace       used 94057K, committed 95936K, reserved 1179648K
  class space    used 9856K, committed 10624K, reserved 1048576K
GC Heap History (20 events):
Event: 769.719 GC heap before
{Heap before GC invocations=1257 (full 5):
 PSYoungGen      total 2560K, used 2158K [0x00000000d5580000, 0x00000000d5a80000, 0x0000000100000000)
  eden space 1536K, 99% used [0x00000000d5580000,0x00000000d56fff78,0x00000000d5700000)
  from space 1024K, 60% used [0x00000000d5700000,0x00000000d579b970,0x00000000d5800000)
  to   space 1536K, 0% used [0x00000000d5900000,0x00000000d5900000,0x00000000d5a80000)
 ParOldGen       total 1008128K, used 393671K [0x0000000080000000, 0x00000000bd880000, 0x00000000d5580000)
  object space 1008128K, 39% used [0x0000000080000000,0x0000000098071f10,0x00000000bd880000)
 Metaspace       used 94021K, committed 95872K, reserved 1179648K
  class space    used 9856K, committed 10624K, reserved 1048576K
}
Event: 769.722 GC heap after
{Heap after GC invocations=1257 (full 5):
 PSYoungGen      total 2560K, used 384K [0x00000000d5580000, 0x00000000d5980000, 0x0000000100000000)
  eden space 2048K, 0% used [0x00000000d5580000,0x00000000d5580000,0x00000000d5780000)
  from space 512K, 75% used [0x00000000d5900000,0x00000000d5960000,0x00000000d5980000)
  to   space 1024K, 0% used [0x00000000d5780000,0x00000000d5780000,0x00000000d5880000)
 ParOldGen       total 1008128K, used 394087K [0x0000000080000000, 0x00000000bd880000, 0x00000000d5580000)
  object space 1008128K, 39% used [0x0000000080000000,0x00000000980d9f10,0x00000000bd880000)
 Metaspace       used 94021K, committed 95872K, reserved 1179648K
  class space    used 9856K, committed 10624K, reserved 1048576K
}
Event: 769.780 GC heap before
{Heap before GC invocations=1258 (full 5):
 PSYoungGen      total 2560K, used 2431K [0x00000000d5580000, 0x00000000d5980000, 0x0000000100000000)
  eden space 2048K, 99% used [0x00000000d5580000,0x00000000d577ffb0,0x00000000d5780000)
  from space 512K, 75% used [0x00000000d5900000,0x00000000d5960000,0x00000000d5980000)
  to   space 1024K, 0% used [0x00000000d5780000,0x00000000d5780000,0x00000000d5880000)
 ParOldGen       total 1008128K, used 394087K [0x0000000080000000, 0x00000000bd880000, 0x00000000d5580000)
  object space 1008128K, 39% used [0x0000000080000000,0x00000000980d9f10,0x00000000bd880000)
 Metaspace       used 94025K, committed 95872K, reserved 1179648K
  class space    used 9856K, committed 10624K, reserved 1048576K
}
Event: 769.786 GC heap after
{Heap after GC invocations=1258 (full 5):
 PSYoungGen      total 3072K, used 1024K [0x00000000d5580000, 0x00000000d5d00000, 0x0000000100000000)
  eden space 2048K, 0% used [0x00000000d5580000,0x00000000d5580000,0x00000000d5780000)
  from space 1024K, 100% used [0x00000000d5780000,0x00000000d5880000,0x00000000d5880000)
  to   space 2560K, 0% used [0x00000000d5a80000,0x00000000d5a80000,0x00000000d5d00000)
 ParOldGen       total 1008128K, used 395167K [0x0000000080000000, 0x00000000bd880000, 0x00000000d5580000)
  object space 1008128K, 39% used [0x0000000080000000,0x00000000981e7f10,0x00000000bd880000)
 Metaspace       used 94025K, committed 95872K, reserved 1179648K
  class space    used 9856K, committed 10624K, reserved 1048576K
}
Event: 769.797 GC heap before
{Heap before GC invocations=1259 (full 5):
 PSYoungGen      total 3072K, used 3072K [0x00000000d5580000, 0x00000000d5d00000, 0x0000000100000000)
  eden space 2048K, 100% used [0x00000000d5580000,0x00000000d5780000,0x00000000d5780000)
  from space 1024K, 100% used [0x00000000d5780000,0x00000000d5880000,0x00000000d5880000)
  to   space 2560K, 0% used [0x00000000d5a80000,0x00000000d5a80000,0x00000000d5d00000)
 ParOldGen       total 1008128K, used 395167K [0x0000000080000000, 0x00000000bd880000, 0x00000000d5580000)
  object space 1008128K, 39% used [0x0000000080000000,0x00000000981e7f10,0x00000000bd880000)
 Metaspace       used 94026K, committed 95872K, reserved 1179648K
  class space    used 9856K, committed 10624K, reserved 1048576K
}
Event: 769.805 GC heap after
{Heap after GC invocations=1259 (full 5):
 PSYoungGen      total 4096K, used 1365K [0x00000000d5580000, 0x00000000d5c00000, 0x0000000100000000)
  eden space 2560K, 0% used [0x00000000d5580000,0x00000000d5580000,0x00000000d5800000)
  from space 1536K, 88% used [0x00000000d5a80000,0x00000000d5bd5500,0x00000000d5c00000)
  to   space 2048K, 0% used [0x00000000d5800000,0x00000000d5800000,0x00000000d5a00000)
 ParOldGen       total 1008128K, used 396239K [0x0000000080000000, 0x00000000bd880000, 0x00000000d5580000)
  object space 1008128K, 39% used [0x0000000080000000,0x00000000982f3f10,0x00000000bd880000)
 Metaspace       used 94026K, committed 95872K, reserved 1179648K
  class space    used 9856K, committed 10624K, reserved 1048576K
}
Event: 769.845 GC heap before
{Heap before GC invocations=1260 (full 5):
 PSYoungGen      total 4096K, used 3925K [0x00000000d5580000, 0x00000000d5c00000, 0x0000000100000000)
  eden space 2560K, 100% used [0x00000000d5580000,0x00000000d5800000,0x00000000d5800000)
  from space 1536K, 88% used [0x00000000d5a80000,0x00000000d5bd5500,0x00000000d5c00000)
  to   space 2048K, 0% used [0x00000000d5800000,0x00000000d5800000,0x00000000d5a00000)
 ParOldGen       total 1008128K, used 396239K [0x0000000080000000, 0x00000000bd880000, 0x00000000d5580000)
  object space 1008128K, 39% used [0x0000000080000000,0x00000000982f3f10,0x00000000bd880000)
 Metaspace       used 94026K, committed 95872K, reserved 1179648K
  class space    used 9856K, committed 10624K, reserved 1048576K
}
Event: 769.851 GC heap after
{Heap after GC invocations=1260 (full 5):
 PSYoungGen      total 4608K, used 1866K [0x00000000d5580000, 0x00000000d5c80000, 0x0000000100000000)
  eden space 2560K, 0% used [0x00000000d5580000,0x00000000d5580000,0x00000000d5800000)
  from space 2048K, 91% used [0x00000000d5800000,0x00000000d59d2800,0x00000000d5a00000)
  to   space 2048K, 0% used [0x00000000d5a80000,0x00000000d5a80000,0x00000000d5c80000)
 ParOldGen       total 1008128K, used 397383K [0x0000000080000000, 0x00000000bd880000, 0x00000000d5580000)
  object space 1008128K, 39% used [0x0000000080000000,0x0000000098411f10,0x00000000bd880000)
 Metaspace       used 94026K, committed 95872K, reserved 1179648K
  class space    used 9856K, committed 10624K, reserved 1048576K
}
Event: 769.886 GC heap before
{Heap before GC invocations=1261 (full 5):
 PSYoungGen      total 4608K, used 4425K [0x00000000d5580000, 0x00000000d5c80000, 0x0000000100000000)
  eden space 2560K, 99% used [0x00000000d5580000,0x00000000d57ffff0,0x00000000d5800000)
  from space 2048K, 91% used [0x00000000d5800000,0x00000000d59d2800,0x00000000d5a00000)
  to   space 2048K, 0% used [0x00000000d5a80000,0x00000000d5a80000,0x00000000d5c80000)
 ParOldGen       total 1008128K, used 397383K [0x0000000080000000, 0x00000000bd880000, 0x00000000d5580000)
  object space 1008128K, 39% used [0x0000000080000000,0x0000000098411f10,0x00000000bd880000)
 Metaspace       used 94029K, committed 95872K, reserved 1179648K
  class space    used 9856K, committed 10624K, reserved 1048576K
}
Event: 769.895 GC heap after
{Heap after GC invocations=1261 (full 5):
 PSYoungGen      total 4096K, used 640K [0x00000000d5580000, 0x00000000d5b80000, 0x0000000100000000)
  eden space 3072K, 0% used [0x00000000d5580000,0x00000000d5580000,0x00000000d5880000)
  from space 1024K, 62% used [0x00000000d5a80000,0x00000000d5b20000,0x00000000d5b80000)
  to   space 1536K, 0% used [0x00000000d5880000,0x00000000d5880000,0x00000000d5a00000)
 ParOldGen       total 1008128K, used 400099K [0x0000000080000000, 0x00000000bd880000, 0x00000000d5580000)
  object space 1008128K, 39% used [0x0000000080000000,0x00000000986b8f10,0x00000000bd880000)
 Metaspace       used 94029K, committed 95872K, reserved 1179648K
  class space    used 9856K, committed 10624K, reserved 1048576K
}
Event: 769.962 GC heap before
{Heap before GC invocations=1262 (full 5):
 PSYoungGen      total 4096K, used 3192K [0x00000000d5580000, 0x00000000d5b80000, 0x0000000100000000)
  eden space 3072K, 83% used [0x00000000d5580000,0x00000000d57fe0d0,0x00000000d5880000)
  from space 1024K, 62% used [0x00000000d5a80000,0x00000000d5b20000,0x00000000d5b80000)
  to   space 1536K, 0% used [0x00000000d5880000,0x00000000d5880000,0x00000000d5a00000)
 ParOldGen       total 1008128K, used 407779K [0x0000000080000000, 0x00000000bd880000, 0x00000000d5580000)
  object space 1008128K, 40% used [0x0000000080000000,0x0000000098e38f20,0x00000000bd880000)
 Metaspace       used 94049K, committed 95872K, reserved 1179648K
  class space    used 9856K, committed 10624K, reserved 1048576K
}
Event: 769.967 GC heap after
{Heap after GC invocations=1262 (full 5):
 PSYoungGen      total 4608K, used 784K [0x00000000d5580000, 0x00000000d5b00000, 0x0000000100000000)
  eden space 3072K, 0% used [0x00000000d5580000,0x00000000d5580000,0x00000000d5880000)
  from space 1536K, 51% used [0x00000000d5880000,0x00000000d5944010,0x00000000d5a00000)
  to   space 1024K, 0% used [0x00000000d5a00000,0x00000000d5a00000,0x00000000d5b00000)
 ParOldGen       total 1008128K, used 408219K [0x0000000080000000, 0x00000000bd880000, 0x00000000d5580000)
  object space 1008128K, 40% used [0x0000000080000000,0x0000000098ea6f20,0x00000000bd880000)
 Metaspace       used 94049K, committed 95872K, reserved 1179648K
  class space    used 9856K, committed 10624K, reserved 1048576K
}
Event: 770.112 GC heap before
{Heap before GC invocations=1263 (full 5):
 PSYoungGen      total 4608K, used 3856K [0x00000000d5580000, 0x00000000d5b00000, 0x0000000100000000)
  eden space 3072K, 100% used [0x00000000d5580000,0x00000000d5880000,0x00000000d5880000)
  from space 1536K, 51% used [0x00000000d5880000,0x00000000d5944010,0x00000000d5a00000)
  to   space 1024K, 0% used [0x00000000d5a00000,0x00000000d5a00000,0x00000000d5b00000)
 ParOldGen       total 1008128K, used 431259K [0x0000000080000000, 0x00000000bd880000, 0x00000000d5580000)
  object space 1008128K, 42% used [0x0000000080000000,0x000000009a526f40,0x00000000bd880000)
 Metaspace       used 94049K, committed 95872K, reserved 1179648K
  class space    used 9856K, committed 10624K, reserved 1048576K
}
Event: 770.124 GC heap after
{Heap after GC invocations=1263 (full 5):
 PSYoungGen      total 4096K, used 882K [0x00000000d5580000, 0x00000000d5b00000, 0x0000000100000000)
  eden space 3072K, 0% used [0x00000000d5580000,0x00000000d5580000,0x00000000d5880000)
  from space 1024K, 86% used [0x00000000d5a00000,0x00000000d5adc830,0x00000000d5b00000)
  to   space 1024K, 0% used [0x00000000d5900000,0x00000000d5900000,0x00000000d5a00000)
 ParOldGen       total 1008128K, used 434105K [0x0000000080000000, 0x00000000bd880000, 0x00000000d5580000)
  object space 1008128K, 43% used [0x0000000080000000,0x000000009a7ee7b0,0x00000000bd880000)
 Metaspace       used 94049K, committed 95872K, reserved 1179648K
  class space    used 9856K, committed 10624K, reserved 1048576K
}
Event: 770.136 GC heap before
{Heap before GC invocations=1264 (full 5):
 PSYoungGen      total 4096K, used 3954K [0x00000000d5580000, 0x00000000d5b00000, 0x0000000100000000)
  eden space 3072K, 100% used [0x00000000d5580000,0x00000000d5880000,0x00000000d5880000)
  from space 1024K, 86% used [0x00000000d5a00000,0x00000000d5adc830,0x00000000d5b00000)
  to   space 1024K, 0% used [0x00000000d5900000,0x00000000d5900000,0x00000000d5a00000)
 ParOldGen       total 1008128K, used 434105K [0x0000000080000000, 0x00000000bd880000, 0x00000000d5580000)
  object space 1008128K, 43% used [0x0000000080000000,0x000000009a7ee7b0,0x00000000bd880000)
 Metaspace       used 94052K, committed 95936K, reserved 1179648K
  class space    used 9856K, committed 10624K, reserved 1048576K
}
Event: 770.147 GC heap after
{Heap after GC invocations=1264 (full 5):
 PSYoungGen      total 4608K, used 1024K [0x00000000d5580000, 0x00000000d6180000, 0x0000000100000000)
  eden space 3584K, 0% used [0x00000000d5580000,0x00000000d5580000,0x00000000d5900000)
  from space 1024K, 100% used [0x00000000d5900000,0x00000000d5a00000,0x00000000d5a00000)
  to   space 4096K, 0% used [0x00000000d5d80000,0x00000000d5d80000,0x00000000d6180000)
 ParOldGen       total 1008128K, used 436395K [0x0000000080000000, 0x00000000bd880000, 0x00000000d5580000)
  object space 1008128K, 43% used [0x0000000080000000,0x000000009aa2afe0,0x00000000bd880000)
 Metaspace       used 94052K, committed 95936K, reserved 1179648K
  class space    used 9856K, committed 10624K, reserved 1048576K
}
Event: 770.183 GC heap before
{Heap before GC invocations=1265 (full 5):
 PSYoungGen      total 4608K, used 4608K [0x00000000d5580000, 0x00000000d6180000, 0x0000000100000000)
  eden space 3584K, 100% used [0x00000000d5580000,0x00000000d5900000,0x00000000d5900000)
  from space 1024K, 100% used [0x00000000d5900000,0x00000000d5a00000,0x00000000d5a00000)
  to   space 4096K, 0% used [0x00000000d5d80000,0x00000000d5d80000,0x00000000d6180000)
 ParOldGen       total 1008128K, used 436395K [0x0000000080000000, 0x00000000bd880000, 0x00000000d5580000)
  object space 1008128K, 43% used [0x0000000080000000,0x000000009aa2afe0,0x00000000bd880000)
 Metaspace       used 94052K, committed 95936K, reserved 1179648K
  class space    used 9856K, committed 10624K, reserved 1048576K
}
Event: 770.190 GC heap after
{Heap after GC invocations=1265 (full 5):
 PSYoungGen      total 8192K, used 3168K [0x00000000d5580000, 0x00000000d6100000, 0x0000000100000000)
  eden space 4608K, 0% used [0x00000000d5580000,0x00000000d5580000,0x00000000d5a00000)
  from space 3584K, 88% used [0x00000000d5d80000,0x00000000d6098000,0x00000000d6100000)
  to   space 3584K, 0% used [0x00000000d5a00000,0x00000000d5a00000,0x00000000d5d80000)
 ParOldGen       total 1008128K, used 437419K [0x0000000080000000, 0x00000000bd880000, 0x00000000d5580000)
  object space 1008128K, 43% used [0x0000000080000000,0x000000009ab2afe0,0x00000000bd880000)
 Metaspace       used 94052K, committed 95936K, reserved 1179648K
  class space    used 9856K, committed 10624K, reserved 1048576K
}
Event: 770.292 GC heap before
{Heap before GC invocations=1266 (full 5):
 PSYoungGen      total 8192K, used 7776K [0x00000000d5580000, 0x00000000d6100000, 0x0000000100000000)
  eden space 4608K, 100% used [0x00000000d5580000,0x00000000d5a00000,0x00000000d5a00000)
  from space 3584K, 88% used [0x00000000d5d80000,0x00000000d6098000,0x00000000d6100000)
  to   space 3584K, 0% used [0x00000000d5a00000,0x00000000d5a00000,0x00000000d5d80000)
 ParOldGen       total 1008128K, used 437419K [0x0000000080000000, 0x00000000bd880000, 0x00000000d5580000)
  object space 1008128K, 43% used [0x0000000080000000,0x000000009ab2afe0,0x00000000bd880000)
 Metaspace       used 94054K, committed 95936K, reserved 1179648K
  class space    used 9856K, committed 10624K, reserved 1048576K
}
Event: 770.301 GC heap after
{Heap after GC invocations=1266 (full 5):
 PSYoungGen      total 7680K, used 2816K [0x00000000d5580000, 0x00000000d6000000, 0x0000000100000000)
  eden space 4608K, 0% used [0x00000000d5580000,0x00000000d5580000,0x00000000d5a00000)
  from space 3072K, 91% used [0x00000000d5a00000,0x00000000d5cc0000,0x00000000d5d00000)
  to   space 3072K, 0% used [0x00000000d5d00000,0x00000000d5d00000,0x00000000d6000000)
 ParOldGen       total 1008128K, used 440507K [0x0000000080000000, 0x00000000bd880000, 0x00000000d5580000)
  object space 1008128K, 43% used [0x0000000080000000,0x000000009ae2efe0,0x00000000bd880000)
 Metaspace       used 94054K, committed 95936K, reserved 1179648K
  class space    used 9856K, committed 10624K, reserved 1048576K
}

