# JRE version: OpenJDK Runtime Environment Temurin-21.0.10+7 (21.0.10+7) (build 21.0.10+7-LTS)
# Java VM: OpenJDK 64-Bit Server VM Temurin-21.0.10+7 (21.0.10+7-LTS, mixed mode, sharing, tiered, compressed oops, compressed class ptrs, parallel gc, windows-amd64)
GC Precious Log:
 CardTable entry size: 512
 CPUs: 8 total, 8 available
 Memory: 8191M
 Large Page Support: Disabled
 NUMA Support: Disabled
 Compressed Oops: Enabled (32-bit)
 Alignments: Space 512K, Generation 512K, Heap 2M
 Heap Min Capacity: 100M
 Heap Initial Capacity: 100M
 Heap Max Capacity: 2G
 Pre-touch: Disabled
 Parallel Workers: 8
Heap:
 PSYoungGen      total 8704K, used 7326K [0x00000000d5580000, 0x00000000d6580000, 0x0000000100000000)
  eden space 8192K, 87% used [0x00000000d5580000,0x00000000d5c879d0,0x00000000d5d80000)
  from space 512K, 25% used [0x00000000d6500000,0x00000000d6520000,0x00000000d6580000)
  to   space 512K, 0% used [0x00000000d6480000,0x00000000d6480000,0x00000000d6500000)
 ParOldGen       total 827392K, used 827375K [0x0000000080000000, 0x00000000b2800000, 0x00000000d5580000)
  object space 827392K, 99% used [0x0000000080000000,0x00000000b27fbf50,0x00000000b2800000)
 Metaspace       used 111307K, committed 113216K, reserved 1179648K
  class space    used 10762K, committed 11712K, reserved 1048576K
GC Heap History (20 events):
Event: 15882.604 GC heap before
{Heap before GC invocations=7841 (full 13):
 PSYoungGen      total 8704K, used 8704K [0x00000000d5580000, 0x00000000d6a80000, 0x0000000100000000)
  eden space 8192K, 100% used [0x00000000d5580000,0x00000000d5d80000,0x00000000d5d80000)
  from space 512K, 100% used [0x00000000d6580000,0x00000000d6600000,0x00000000d6600000)
  to   space 6656K, 0% used [0x00000000d5d80000,0x00000000d5d80000,0x00000000d6400000)
 ParOldGen       total 768512K, used 768010K [0x0000000080000000, 0x00000000aee80000, 0x00000000d5580000)
  object space 768512K, 99% used [0x0000000080000000,0x00000000aee02bc8,0x00000000aee80000)
 Metaspace       used 111302K, committed 113216K, reserved 1179648K
  class space    used 10762K, committed 11712K, reserved 1048576K
}
Event: 15882.615 GC heap after
{Heap after GC invocations=7841 (full 13):
 PSYoungGen      total 14848K, used 6656K [0x00000000d5580000, 0x00000000d6e80000, 0x0000000100000000)
  eden space 8192K, 0% used [0x00000000d5580000,0x00000000d5580000,0x00000000d5d80000)
  from space 6656K, 100% used [0x00000000d5d80000,0x00000000d6400000,0x00000000d6400000)
  to   space 8704K, 0% used [0x00000000d6600000,0x00000000d6600000,0x00000000d6e80000)
 ParOldGen       total 769536K, used 769134K [0x0000000080000000, 0x00000000aef80000, 0x00000000d5580000)
  object space 769536K, 99% used [0x0000000080000000,0x00000000aef1b8b8,0x00000000aef80000)
 Metaspace       used 111302K, committed 113216K, reserved 1179648K
  class space    used 10762K, committed 11712K, reserved 1048576K
}
Event: 15882.719 GC heap before
{Heap before GC invocations=7842 (full 13):
 PSYoungGen      total 14848K, used 13832K [0x00000000d5580000, 0x00000000d6e80000, 0x0000000100000000)
  eden space 8192K, 87% used [0x00000000d5580000,0x00000000d5c82090,0x00000000d5d80000)
  from space 6656K, 100% used [0x00000000d5d80000,0x00000000d6400000,0x00000000d6400000)
  to   space 8704K, 0% used [0x00000000d6600000,0x00000000d6600000,0x00000000d6e80000)
 ParOldGen       total 769536K, used 769134K [0x0000000080000000, 0x00000000aef80000, 0x00000000d5580000)
  object space 769536K, 99% used [0x0000000080000000,0x00000000aef1b8b8,0x00000000aef80000)
 Metaspace       used 111302K, committed 113216K, reserved 1179648K
  class space    used 10762K, committed 11712K, reserved 1048576K
}
Event: 15882.738 GC heap after
{Heap after GC invocations=7842 (full 13):
 PSYoungGen      total 13312K, used 5045K [0x00000000d5580000, 0x00000000d6b00000, 0x0000000100000000)
  eden space 8192K, 0% used [0x00000000d5580000,0x00000000d5580000,0x00000000d5d80000)
  from space 5120K, 98% used [0x00000000d6600000,0x00000000d6aed5e0,0x00000000d6b00000)
  to   space 6144K, 0% used [0x00000000d5f00000,0x00000000d5f00000,0x00000000d6500000)
 ParOldGen       total 776192K, used 775862K [0x0000000080000000, 0x00000000af600000, 0x00000000d5580000)
  object space 776192K, 99% used [0x0000000080000000,0x00000000af5ad8b8,0x00000000af600000)
 Metaspace       used 111302K, committed 113216K, reserved 1179648K
  class space    used 10762K, committed 11712K, reserved 1048576K
}
Event: 15882.801 GC heap before
{Heap before GC invocations=7843 (full 13):
 PSYoungGen      total 13312K, used 13236K [0x00000000d5580000, 0x00000000d6b00000, 0x0000000100000000)
  eden space 8192K, 99% used [0x00000000d5580000,0x00000000d5d7fca0,0x00000000d5d80000)
  from space 5120K, 98% used [0x00000000d6600000,0x00000000d6aed5e0,0x00000000d6b00000)
  to   space 6144K, 0% used [0x00000000d5f00000,0x00000000d5f00000,0x00000000d6500000)
 ParOldGen       total 776192K, used 775862K [0x0000000080000000, 0x00000000af600000, 0x00000000d5580000)
  object space 776192K, 99% used [0x0000000080000000,0x00000000af5ad8b8,0x00000000af600000)
 Metaspace       used 111302K, committed 113216K, reserved 1179648K
  class space    used 10762K, committed 11712K, reserved 1048576K
}
Event: 15882.811 GC heap after
{Heap after GC invocations=7843 (full 13):
 PSYoungGen      total 14336K, used 6135K [0x00000000d5580000, 0x00000000d7480000, 0x0000000100000000)
  eden space 8192K, 0% used [0x00000000d5580000,0x00000000d5580000,0x00000000d5d80000)
  from space 6144K, 99% used [0x00000000d5f00000,0x00000000d64fdcc0,0x00000000d6500000)
  to   space 11776K, 0% used [0x00000000d6900000,0x00000000d6900000,0x00000000d7480000)
 ParOldGen       total 780800K, used 780352K [0x0000000080000000, 0x00000000afa80000, 0x00000000d5580000)
  object space 780800K, 99% used [0x0000000080000000,0x00000000afa10028,0x00000000afa80000)
 Metaspace       used 111302K, committed 113216K, reserved 1179648K
  class space    used 10762K, committed 11712K, reserved 1048576K
}
Event: 15882.845 GC heap before
{Heap before GC invocations=7844 (full 13):
 PSYoungGen      total 14336K, used 14327K [0x00000000d5580000, 0x00000000d7480000, 0x0000000100000000)
  eden space 8192K, 100% used [0x00000000d5580000,0x00000000d5d80000,0x00000000d5d80000)
  from space 6144K, 99% used [0x00000000d5f00000,0x00000000d64fdcc0,0x00000000d6500000)
  to   space 11776K, 0% used [0x00000000d6900000,0x00000000d6900000,0x00000000d7480000)
 ParOldGen       total 780800K, used 780352K [0x0000000080000000, 0x00000000afa80000, 0x00000000d5580000)
  object space 780800K, 99% used [0x0000000080000000,0x00000000afa10028,0x00000000afa80000)
 Metaspace       used 111302K, committed 113216K, reserved 1179648K
  class space    used 10762K, committed 11712K, reserved 1048576K
}
Event: 15882.854 GC heap after
{Heap after GC invocations=7844 (full 13):
 PSYoungGen      total 12800K, used 4484K [0x00000000d5580000, 0x00000000d6d80000, 0x0000000100000000)
  eden space 8192K, 0% used [0x00000000d5580000,0x00000000d5580000,0x00000000d5d80000)
  from space 4608K, 97% used [0x00000000d6900000,0x00000000d6d61080,0x00000000d6d80000)
  to   space 7168K, 0% used [0x00000000d5f80000,0x00000000d5f80000,0x00000000d6680000)
 ParOldGen       total 786432K, used 786429K [0x0000000080000000, 0x00000000b0000000, 0x00000000d5580000)
  object space 786432K, 99% used [0x0000000080000000,0x00000000affff698,0x00000000b0000000)
 Metaspace       used 111302K, committed 113216K, reserved 1179648K
  class space    used 10762K, committed 11712K, reserved 1048576K
}
Event: 15882.982 GC heap before
{Heap before GC invocations=7845 (full 13):
 PSYoungGen      total 12800K, used 12675K [0x00000000d5580000, 0x00000000d6d80000, 0x0000000100000000)
  eden space 8192K, 99% used [0x00000000d5580000,0x00000000d5d7fc78,0x00000000d5d80000)
  from space 4608K, 97% used [0x00000000d6900000,0x00000000d6d61080,0x00000000d6d80000)
  to   space 7168K, 0% used [0x00000000d5f80000,0x00000000d5f80000,0x00000000d6680000)
 ParOldGen       total 786432K, used 786429K [0x0000000080000000, 0x00000000b0000000, 0x00000000d5580000)
  object space 786432K, 99% used [0x0000000080000000,0x00000000affff698,0x00000000b0000000)
 Metaspace       used 111302K, committed 113216K, reserved 1179648K
  class space    used 10762K, committed 11712K, reserved 1048576K
}
Event: 15882.992 GC heap after
{Heap after GC invocations=7845 (full 13):
 PSYoungGen      total 14336K, used 6016K [0x00000000d5580000, 0x00000000d6a80000, 0x0000000100000000)
  eden space 8192K, 0% used [0x00000000d5580000,0x00000000d5580000,0x00000000d5d80000)
  from space 6144K, 97% used [0x00000000d5f80000,0x00000000d6560000,0x00000000d6580000)
  to   space 5120K, 0% used [0x00000000d6580000,0x00000000d6580000,0x00000000d6a80000)
 ParOldGen       total 791040K, used 790788K [0x0000000080000000, 0x00000000b0480000, 0x00000000d5580000)
  object space 791040K, 99% used [0x0000000080000000,0x00000000b0441240,0x00000000b0480000)
 Metaspace       used 111302K, committed 113216K, reserved 1179648K
  class space    used 10762K, committed 11712K, reserved 1048576K
}
Event: 15883.947 GC heap before
{Heap before GC invocations=7846 (full 13):
 PSYoungGen      total 14336K, used 14207K [0x00000000d5580000, 0x00000000d6a80000, 0x0000000100000000)
  eden space 8192K, 99% used [0x00000000d5580000,0x00000000d5d7fff8,0x00000000d5d80000)
  from space 6144K, 97% used [0x00000000d5f80000,0x00000000d6560000,0x00000000d6580000)
  to   space 5120K, 0% used [0x00000000d6580000,0x00000000d6580000,0x00000000d6a80000)
 ParOldGen       total 822784K, used 821508K [0x0000000080000000, 0x00000000b2380000, 0x00000000d5580000)
  object space 822784K, 99% used [0x0000000080000000,0x00000000b2241270,0x00000000b2380000)
 Metaspace       used 111307K, committed 113216K, reserved 1179648K
  class space    used 10762K, committed 11712K, reserved 1048576K
}
Event: 15883.956 GC heap after
{Heap after GC invocations=7846 (full 13):
 PSYoungGen      total 9216K, used 544K [0x00000000d5580000, 0x00000000d6680000, 0x0000000100000000)
  eden space 8192K, 0% used [0x00000000d5580000,0x00000000d5580000,0x00000000d5d80000)
  from space 1024K, 53% used [0x00000000d6580000,0x00000000d6608000,0x00000000d6680000)
  to   space 3072K, 0% used [0x00000000d6080000,0x00000000d6080000,0x00000000d6380000)
 ParOldGen       total 827392K, used 826900K [0x0000000080000000, 0x00000000b2800000, 0x00000000d5580000)
  object space 827392K, 99% used [0x0000000080000000,0x00000000b2785270,0x00000000b2800000)
 Metaspace       used 111307K, committed 113216K, reserved 1179648K
  class space    used 10762K, committed 11712K, reserved 1048576K
}
Event: 15885.239 GC heap before
{Heap before GC invocations=7847 (full 13):
 PSYoungGen      total 9216K, used 8736K [0x00000000d5580000, 0x00000000d6680000, 0x0000000100000000)
  eden space 8192K, 100% used [0x00000000d5580000,0x00000000d5d80000,0x00000000d5d80000)
  from space 1024K, 53% used [0x00000000d6580000,0x00000000d6608000,0x00000000d6680000)
  to   space 3072K, 0% used [0x00000000d6080000,0x00000000d6080000,0x00000000d6380000)
 ParOldGen       total 827392K, used 826900K [0x0000000080000000, 0x00000000b2800000, 0x00000000d5580000)
  object space 827392K, 99% used [0x0000000080000000,0x00000000b2785270,0x00000000b2800000)
 Metaspace       used 111307K, committed 113216K, reserved 1179648K
  class space    used 10762K, committed 11712K, reserved 1048576K
}
Event: 15885.242 GC heap after
{Heap after GC invocations=7847 (full 13):
 PSYoungGen      total 11264K, used 128K [0x00000000d5580000, 0x00000000d6600000, 0x0000000100000000)
  eden space 8192K, 0% used [0x00000000d5580000,0x00000000d5580000,0x00000000d5d80000)
  from space 3072K, 4% used [0x00000000d6080000,0x00000000d60a0000,0x00000000d6380000)
  to   space 1024K, 0% used [0x00000000d6500000,0x00000000d6500000,0x00000000d6600000)
 ParOldGen       total 827392K, used 827375K [0x0000000080000000, 0x00000000b2800000, 0x00000000d5580000)
  object space 827392K, 99% used [0x0000000080000000,0x00000000b27fbf50,0x00000000b2800000)
 Metaspace       used 111307K, committed 113216K, reserved 1179648K
  class space    used 10762K, committed 11712K, reserved 1048576K
}
Event: 15886.703 GC heap before
{Heap before GC invocations=7848 (full 13):
 PSYoungGen      total 11264K, used 8320K [0x00000000d5580000, 0x00000000d6600000, 0x0000000100000000)
  eden space 8192K, 100% used [0x00000000d5580000,0x00000000d5d80000,0x00000000d5d80000)
  from space 3072K, 4% used [0x00000000d6080000,0x00000000d60a0000,0x00000000d6380000)
  to   space 1024K, 0% used [0x00000000d6500000,0x00000000d6500000,0x00000000d6600000)
 ParOldGen       total 827392K, used 827375K [0x0000000080000000, 0x00000000b2800000, 0x00000000d5580000)
  object space 827392K, 99% used [0x0000000080000000,0x00000000b27fbf50,0x00000000b2800000)
 Metaspace       used 111307K, committed 113216K, reserved 1179648K
  class space    used 10762K, committed 11712K, reserved 1048576K
}
Event: 15886.706 GC heap after
{Heap after GC invocations=7848 (full 13):
 PSYoungGen      total 8704K, used 96K [0x00000000d5580000, 0x00000000d6580000, 0x0000000100000000)
  eden space 8192K, 0% used [0x00000000d5580000,0x00000000d5580000,0x00000000d5d80000)
  from space 512K, 18% used [0x00000000d6500000,0x00000000d6518000,0x00000000d6580000)
  to   space 512K, 0% used [0x00000000d6480000,0x00000000d6480000,0x00000000d6500000)
 ParOldGen       total 827392K, used 827375K [0x0000000080000000, 0x00000000b2800000, 0x00000000d5580000)
  object space 827392K, 99% used [0x0000000080000000,0x00000000b27fbf50,0x00000000b2800000)
 Metaspace       used 111307K, committed 113216K, reserved 1179648K
  class space    used 10762K, committed 11712K, reserved 1048576K
}
Event: 15888.413 GC heap before
{Heap before GC invocations=7849 (full 13):
 PSYoungGen      total 8704K, used 8288K [0x00000000d5580000, 0x00000000d6580000, 0x0000000100000000)
  eden space 8192K, 100% used [0x00000000d5580000,0x00000000d5d80000,0x00000000d5d80000)
  from space 512K, 18% used [0x00000000d6500000,0x00000000d6518000,0x00000000d6580000)
  to   space 512K, 0% used [0x00000000d6480000,0x00000000d6480000,0x00000000d6500000)
 ParOldGen       total 827392K, used 827375K [0x0000000080000000, 0x00000000b2800000, 0x00000000d5580000)
  object space 827392K, 99% used [0x0000000080000000,0x00000000b27fbf50,0x00000000b2800000)
 Metaspace       used 111307K, committed 113216K, reserved 1179648K
  class space    used 10762K, committed 11712K, reserved 1048576K
}
Event: 15888.416 GC heap after
{Heap after GC invocations=7849 (full 13):
 PSYoungGen      total 8704K, used 160K [0x00000000d5580000, 0x00000000d6580000, 0x0000000100000000)
  eden space 8192K, 0% used [0x00000000d5580000,0x00000000d5580000,0x00000000d5d80000)
  from space 512K, 31% used [0x00000000d6480000,0x00000000d64a8000,0x00000000d6500000)
  to   space 512K, 0% used [0x00000000d6500000,0x00000000d6500000,0x00000000d6580000)
 ParOldGen       total 827392K, used 827375K [0x0000000080000000, 0x00000000b2800000, 0x00000000d5580000)
  object space 827392K, 99% used [0x0000000080000000,0x00000000b27fbf50,0x00000000b2800000)
 Metaspace       used 111307K, committed 113216K, reserved 1179648K
  class space    used 10762K, committed 11712K, reserved 1048576K
}
Event: 15890.001 GC heap before
{Heap before GC invocations=7850 (full 13):
 PSYoungGen      total 8704K, used 8352K [0x00000000d5580000, 0x00000000d6580000, 0x0000000100000000)
  eden space 8192K, 100% used [0x00000000d5580000,0x00000000d5d80000,0x00000000d5d80000)
  from space 512K, 31% used [0x00000000d6480000,0x00000000d64a8000,0x00000000d6500000)
  to   space 512K, 0% used [0x00000000d6500000,0x00000000d6500000,0x00000000d6580000)
 ParOldGen       total 827392K, used 827375K [0x0000000080000000, 0x00000000b2800000, 0x00000000d5580000)
  object space 827392K, 99% used [0x0000000080000000,0x00000000b27fbf50,0x00000000b2800000)
 Metaspace       used 111307K, committed 113216K, reserved 1179648K
  class space    used 10762K, committed 11712K, reserved 1048576K
}
Event: 15890.004 GC heap after
{Heap after GC invocations=7850 (full 13):
 PSYoungGen      total 8704K, used 128K [0x00000000d5580000, 0x00000000d6580000, 0x0000000100000000)
  eden space 8192K, 0% used [0x00000000d5580000,0x00000000d5580000,0x00000000d5d80000)
  from space 512K, 25% used [0x00000000d6500000,0x00000000d6520000,0x00000000d6580000)
  to   space 512K, 0% used [0x00000000d6480000,0x00000000d6480000,0x00000000d6500000)
 ParOldGen       total 827392K, used 827375K [0x0000000080000000, 0x00000000b2800000, 0x00000000d5580000)
  object space 827392K, 99% used [0x0000000080000000,0x00000000b27fbf50,0x00000000b2800000)
 Metaspace       used 111307K, committed 113216K, reserved 1179648K
  class space    used 10762K, committed 11712K, reserved 1048576K
}

